<?xml version="1.0" encoding="UTF-8"?>
<!-- Generated by org.testng.reporters.JUnitXMLReporter -->
<testsuite hostname="DESKTOP-E1E9EHH" ignored="0" name="Default test" tests="3" failures="0" timestamp="28 Apr 2019 17:06:16 GMT" time="29.771" errors="0">
  <testcase name="openurl" time="11.185" classname="robotclassdemo.MovetoElement"/>
  <testcase name="draganddrop" time="9.643" classname="robotclassdemo.MovetoElement"/>
  <testcase name="movetoelement" time="3.12" classname="robotclassdemo.MovetoElement"/>
</testsuite> <!-- Default test -->
