<?xml version="1.0" encoding="UTF-8"?>
<testng-results skipped="0" failed="1" ignored="0" total="1" passed="0">
  <reporter-output>
  </reporter-output>
  <suite name="Default suite" duration-ms="11001" started-at="2019-09-12T19:27:14Z" finished-at="2019-09-12T19:27:25Z">
    <groups>
    </groups>
    <test name="Default test" duration-ms="11001" started-at="2019-09-12T19:27:14Z" finished-at="2019-09-12T19:27:25Z">
      <class name="javaconcepts.Tooltiphiddenmesages2">
        <test-method status="PASS" signature="launchbrowser()[pri:0, instance:javaconcepts.Tooltiphiddenmesages2@31ef45e3]" name="launchbrowser" is-config="true" duration-ms="10904" started-at="2019-09-13T00:57:14Z" description="launching of browser" finished-at="2019-09-13T00:57:25Z">
          <reporter-output>
          </reporter-output>
        </test-method> <!-- launchbrowser -->
        <test-method status="FAIL" signature="verifytoolkitmessages()[pri:0, instance:javaconcepts.Tooltiphiddenmesages2@31ef45e3]" name="verifytoolkitmessages" duration-ms="7" started-at="2019-09-13T00:57:25Z" description="verifying the toolkit messages hidden messages" finished-at="2019-09-13T00:57:25Z">
          <exception class="java.lang.NullPointerException">
            <full-stacktrace>
              <![CDATA[java.lang.NullPointerExceptionat java.util.Objects.requireNonNull(Unknown Source)at org.openqa.selenium.interactions.Actions.<init>(Actions.java:65)at javaconcepts.Tooltiphiddenmesages2.verifytoolkitmessages(Tooltiphiddenmesages2.java:30)at sun.reflect.NativeMethodAccessorImpl.invoke0(Native Method)at sun.reflect.NativeMethodAccessorImpl.invoke(Unknown Source)at sun.reflect.DelegatingMethodAccessorImpl.invoke(Unknown Source)at java.lang.reflect.Method.invoke(Unknown Source)at org.testng.internal.MethodInvocationHelper.invokeMethod(MethodInvocationHelper.java:124)at org.testng.internal.Invoker.invokeMethod(Invoker.java:571)at org.testng.internal.Invoker.invokeTestMethod(Invoker.java:707)at org.testng.internal.Invoker.invokeTestMethods(Invoker.java:979)at org.testng.internal.TestMethodWorker.invokeTestMethods(TestMethodWorker.java:125)at org.testng.internal.TestMethodWorker.run(TestMethodWorker.java:109)at org.testng.TestRunner.privateRun(TestRunner.java:648)at org.testng.TestRunner.run(TestRunner.java:505)at org.testng.SuiteRunner.runTest(SuiteRunner.java:455)at org.testng.SuiteRunner.runSequentially(SuiteRunner.java:450)at org.testng.SuiteRunner.privateRun(SuiteRunner.java:415)at org.testng.SuiteRunner.run(SuiteRunner.java:364)at org.testng.SuiteRunnerWorker.runSuite(SuiteRunnerWorker.java:52)at org.testng.SuiteRunnerWorker.run(SuiteRunnerWorker.java:84)at org.testng.TestNG.runSuitesSequentially(TestNG.java:1187)at org.testng.TestNG.runSuitesLocally(TestNG.java:1116)at org.testng.TestNG.runSuites(TestNG.java:1028)at org.testng.TestNG.run(TestNG.java:996)at org.testng.remote.AbstractRemoteTestNG.run(AbstractRemoteTestNG.java:114)at org.testng.remote.RemoteTestNG.initAndRun(RemoteTestNG.java:251)at org.testng.remote.RemoteTestNG.main(RemoteTestNG.java:77)]]>
            </full-stacktrace>
          </exception> <!-- java.lang.NullPointerException -->
          <reporter-output>
          </reporter-output>
        </test-method> <!-- verifytoolkitmessages -->
        <test-method status="PASS" signature="closebrowser()[pri:0, instance:javaconcepts.Tooltiphiddenmesages2@31ef45e3]" name="closebrowser" is-config="true" duration-ms="56" started-at="2019-09-13T00:57:25Z" description="closing the browser" finished-at="2019-09-13T00:57:25Z">
          <reporter-output>
          </reporter-output>
        </test-method> <!-- closebrowser -->
      </class> <!-- javaconcepts.Tooltiphiddenmesages2 -->
    </test> <!-- Default test -->
  </suite> <!-- Default suite -->
</testng-results>
